Traceback (most recent call last):
  File "/opt/hostedtoolcache/Python/3.7.10/x64/lib/python3.7/site-packages/jupyter_cache/executors/utils.py", line 56, in single_nb_execution
    record_timing=False,
  File "/opt/hostedtoolcache/Python/3.7.10/x64/lib/python3.7/site-packages/nbclient/client.py", line 1112, in execute
    return NotebookClient(nb=nb, resources=resources, km=km, **kwargs).execute()
  File "/opt/hostedtoolcache/Python/3.7.10/x64/lib/python3.7/site-packages/nbclient/util.py", line 74, in wrapped
    return just_run(coro(*args, **kwargs))
  File "/opt/hostedtoolcache/Python/3.7.10/x64/lib/python3.7/site-packages/nbclient/util.py", line 53, in just_run
    return loop.run_until_complete(coro)
  File "/opt/hostedtoolcache/Python/3.7.10/x64/lib/python3.7/asyncio/base_events.py", line 587, in run_until_complete
    return future.result()
  File "/opt/hostedtoolcache/Python/3.7.10/x64/lib/python3.7/site-packages/nbclient/client.py", line 554, in async_execute
    cell, index, execution_count=self.code_cells_executed + 1
  File "/opt/hostedtoolcache/Python/3.7.10/x64/lib/python3.7/site-packages/nbclient/client.py", line 857, in async_execute_cell
    self._check_raise_for_error(cell, exec_reply)
  File "/opt/hostedtoolcache/Python/3.7.10/x64/lib/python3.7/site-packages/nbclient/client.py", line 760, in _check_raise_for_error
    raise CellExecutionError.from_cell_and_msg(cell, exec_reply_content)
nbclient.exceptions.CellExecutionError: An error occurred while executing the following cell:
------------------
openpifpaf.visualizer.Base.set_all_indices(['occupancy:5'])

for images_batch, _, __ in loader:
    predictions = decoder.batch(net, images_batch, device=device)[0]
------------------

[0;31m---------------------------------------------------------------------------[0m
[0;31mAttributeError[0m                            Traceback (most recent call last)
[0;32m<ipython-input-12-0a0fcb7d0956>[0m in [0;36m<module>[0;34m[0m
[1;32m      2[0m [0;34m[0m[0m
[1;32m      3[0m [0;32mfor[0m [0mimages_batch[0m[0;34m,[0m [0m_[0m[0;34m,[0m [0m__[0m [0;32min[0m [0mloader[0m[0;34m:[0m[0;34m[0m[0;34m[0m[0m
[0;32m----> 4[0;31m     [0mpredictions[0m [0;34m=[0m [0mdecoder[0m[0;34m.[0m[0mbatch[0m[0;34m([0m[0mnet[0m[0;34m,[0m [0mimages_batch[0m[0;34m,[0m [0mdevice[0m[0;34m=[0m[0mdevice[0m[0;34m)[0m[0;34m[[0m[0;36m0[0m[0;34m][0m[0;34m[0m[0;34m[0m[0m
[0m
[0;32m/opt/hostedtoolcache/Python/3.7.10/x64/lib/python3.7/site-packages/openpifpaf/decoder/decoder.py[0m in [0;36mbatch[0;34m(self, model, image_batch, device, gt_anns_batch)[0m
[1;32m    126[0m         [0mstart_decoder[0m [0;34m=[0m [0mtime[0m[0;34m.[0m[0mperf_counter[0m[0;34m([0m[0;34m)[0m[0;34m[0m[0;34m[0m[0m
[1;32m    127[0m         result = self.worker_pool.starmap(
[0;32m--> 128[0;31m             self._mappable_annotations, zip(fields_batch, image_batch, gt_anns_batch))
[0m[1;32m    129[0m         [0mself[0m[0;34m.[0m[0mlast_decoder_time[0m [0;34m=[0m [0mtime[0m[0;34m.[0m[0mperf_counter[0m[0;34m([0m[0;34m)[0m [0;34m-[0m [0mstart_decoder[0m[0;34m[0m[0;34m[0m[0m
[1;32m    130[0m [0;34m[0m[0m

[0;32m/opt/hostedtoolcache/Python/3.7.10/x64/lib/python3.7/site-packages/openpifpaf/decoder/decoder.py[0m in [0;36mstarmap[0;34m(f, iterable)[0m
[1;32m     17[0m     [0;34m@[0m[0mstaticmethod[0m[0;34m[0m[0;34m[0m[0m
[1;32m     18[0m     [0;32mdef[0m [0mstarmap[0m[0;34m([0m[0mf[0m[0;34m,[0m [0miterable[0m[0;34m)[0m[0;34m:[0m[0;34m[0m[0;34m[0m[0m
[0;32m---> 19[0;31m         [0;32mreturn[0m [0;34m[[0m[0mf[0m[0;34m([0m[0;34m*[0m[0mi[0m[0;34m)[0m [0;32mfor[0m [0mi[0m [0;32min[0m [0miterable[0m[0;34m][0m[0;34m[0m[0;34m[0m[0m
[0m[1;32m     20[0m [0;34m[0m[0m
[1;32m     21[0m [0;34m[0m[0m

[0;32m/opt/hostedtoolcache/Python/3.7.10/x64/lib/python3.7/site-packages/openpifpaf/decoder/decoder.py[0m in [0;36m<listcomp>[0;34m(.0)[0m
[1;32m     17[0m     [0;34m@[0m[0mstaticmethod[0m[0;34m[0m[0;34m[0m[0m
[1;32m     18[0m     [0;32mdef[0m [0mstarmap[0m[0;34m([0m[0mf[0m[0;34m,[0m [0miterable[0m[0;34m)[0m[0;34m:[0m[0;34m[0m[0;34m[0m[0m
[0;32m---> 19[0;31m         [0;32mreturn[0m [0;34m[[0m[0mf[0m[0;34m([0m[0;34m*[0m[0mi[0m[0;34m)[0m [0;32mfor[0m [0mi[0m [0;32min[0m [0miterable[0m[0;34m][0m[0;34m[0m[0;34m[0m[0m
[0m[1;32m     20[0m [0;34m[0m[0m
[1;32m     21[0m [0;34m[0m[0m

[0;32m/opt/hostedtoolcache/Python/3.7.10/x64/lib/python3.7/site-packages/openpifpaf/decoder/decoder.py[0m in [0;36m_mappable_annotations[0;34m(self, fields, debug_image, gt_anns)[0m
[1;32m    138[0m             [0mvisualizer[0m[0;34m.[0m[0mBase[0m[0;34m.[0m[0mground_truth[0m[0;34m([0m[0mgt_anns[0m[0;34m)[0m[0;34m[0m[0;34m[0m[0m
[1;32m    139[0m [0;34m[0m[0m
[0;32m--> 140[0;31m         [0;32mreturn[0m [0mself[0m[0;34m([0m[0mfields[0m[0;34m)[0m[0;34m[0m[0;34m[0m[0m
[0m
[0;32m/opt/hostedtoolcache/Python/3.7.10/x64/lib/python3.7/site-packages/openpifpaf/decoder/multi.py[0m in [0;36m__call__[0;34m(self, all_fields)[0m
[1;32m     20[0m                 [0;32mcontinue[0m[0;34m[0m[0;34m[0m[0m
[1;32m     21[0m             [0mLOG[0m[0;34m.[0m[0mdebug[0m[0;34m([0m[0;34m'task %d'[0m[0;34m,[0m [0mtask_i[0m[0;34m)[0m[0;34m[0m[0;34m[0m[0m
[0;32m---> 22[0;31m             [0mout[0m [0;34m+=[0m [0mdecoder[0m[0;34m([0m[0mall_fields[0m[0;34m)[0m[0;34m[0m[0;34m[0m[0m
[0m[1;32m     23[0m [0;34m[0m[0m
[1;32m     24[0m         [0;32mreturn[0m [0mout[0m[0;34m[0m[0;34m[0m[0m

[0;32m/opt/hostedtoolcache/Python/3.7.10/x64/lib/python3.7/site-packages/openpifpaf/decoder/cifcaf.py[0m in [0;36m__call__[0;34m(self, fields, initial_annotations)[0m
[1;32m    247[0m             [0mmark_occupied[0m[0;34m([0m[0mann[0m[0;34m)[0m[0;34m[0m[0;34m[0m[0m
[1;32m    248[0m [0;34m[0m[0m
[0;32m--> 249[0;31m         [0mself[0m[0;34m.[0m[0moccupancy_visualizer[0m[0;34m.[0m[0mpredicted[0m[0;34m([0m[0moccupied[0m[0;34m)[0m[0;34m[0m[0;34m[0m[0m
[0m[1;32m    250[0m [0;34m[0m[0m
[1;32m    251[0m         [0mLOG[0m[0;34m.[0m[0mdebug[0m[0;34m([0m[0;34m'annotations %d, %.3fs'[0m[0;34m,[0m [0mlen[0m[0;34m([0m[0mannotations[0m[0;34m)[0m[0;34m,[0m [0mtime[0m[0;34m.[0m[0mperf_counter[0m[0;34m([0m[0;34m)[0m [0;34m-[0m [0mstart[0m[0;34m)[0m[0;34m[0m[0;34m[0m[0m

[0;32m/opt/hostedtoolcache/Python/3.7.10/x64/lib/python3.7/site-packages/openpifpaf/visualizer/occupancy.py[0m in [0;36mpredicted[0;34m(self, occupancy)[0m
[1;32m     26[0m             [0;31m# pylint: disable=unsubscriptable-object[0m[0;34m[0m[0;34m[0m[0;34m[0m[0m
[1;32m     27[0m             [0mfactor[0m [0;34m=[0m [0;36m1.0[0m [0;34m/[0m [0moccupancy[0m[0;34m.[0m[0mreduction[0m[0;34m[0m[0;34m[0m[0m
[0;32m---> 28[0;31m             [0mreduced_image[0m [0;34m=[0m [0mscipy[0m[0;34m.[0m[0mndimage[0m[0;34m.[0m[0mzoom[0m[0;34m([0m[0mself[0m[0;34m.[0m[0m_processed_image[0m[0;34m,[0m [0;34m([0m[0mfactor[0m[0;34m,[0m [0mfactor[0m[0;34m,[0m [0;36m1[0m[0;34m)[0m[0;34m,[0m [0morder[0m[0;34m=[0m[0;36m1[0m[0;34m)[0m[0;34m[0m[0;34m[0m[0m
[0m[1;32m     29[0m [0;34m[0m[0m
[1;32m     30[0m             [0;32mwith[0m [0mself[0m[0;34m.[0m[0mimage_canvas[0m[0;34m([0m[0mreduced_image[0m[0;34m)[0m [0;32mas[0m [0max[0m[0;34m:[0m[0;34m[0m[0;34m[0m[0m

[0;31mAttributeError[0m: 'NoneType' object has no attribute 'ndimage'
AttributeError: 'NoneType' object has no attribute 'ndimage'

